2025-05-01 07:11:19,055 INFO Checking input path: /data/input/
2025-05-01 07:11:19,061 INFO Found files: ['/data/input/events_2025-05-01T070826.csv', '/data/input/events_2025-05-01T071105.csv', '/data/input/events_2025-05-01T071115.csv']
2025-05-01 07:11:24,596 INFO File /data/input/events_2025-05-01T070826.csv: 15 rows
2025-05-01 07:11:24,971 INFO File /data/input/events_2025-05-01T071105.csv: 15 rows
2025-05-01 07:11:25,286 INFO File /data/input/events_2025-05-01T071115.csv: 15 rows
2025-05-01 07:11:25,293 INFO Checkpoint directory /data/checkpoints/raw_events is accessible
2025-05-01 07:11:25,328 INFO Input schema before validation: {"fields":[{"metadata":{},"name":"event_id","nullable":true,"type":"string"},{"metadata":{},"name":"session_id","nullable":true,"type":"string"},{"metadata":{},"name":"user_id","nullable":true,"type":"string"},{"metadata":{},"name":"event_type","nullable":true,"type":"string"},{"metadata":{},"name":"product_id","nullable":true,"type":"string"},{"metadata":{},"name":"product_name","nullable":true,"type":"string"},{"metadata":{},"name":"brand","nullable":true,"type":"string"},{"metadata":{},"name":"category","nullable":true,"type":"string"},{"metadata":{},"name":"price","nullable":true,"type":"double"},{"metadata":{},"name":"quantity","nullable":true,"type":"integer"},{"metadata":{},"name":"timestamp","nullable":true,"type":"timestamp"}],"type":"struct"}
2025-05-01 07:11:25,738 INFO Transformed schema: {"fields":[{"metadata":{},"name":"event_id","nullable":true,"type":"string"},{"metadata":{},"name":"session_id","nullable":true,"type":"string"},{"metadata":{},"name":"user_id","nullable":true,"type":"string"},{"metadata":{},"name":"event_type","nullable":true,"type":"string"},{"metadata":{},"name":"product_id","nullable":true,"type":"string"},{"metadata":{},"name":"product_name","nullable":true,"type":"string"},{"metadata":{},"name":"brand","nullable":true,"type":"string"},{"metadata":{},"name":"category","nullable":true,"type":"string"},{"metadata":{},"name":"price","nullable":true,"type":"double"},{"metadata":{},"name":"quantity","nullable":true,"type":"integer"},{"metadata":{},"name":"total_price","nullable":true,"type":"double"},{"metadata":{},"name":"event_date","nullable":true,"type":"date"},{"metadata":{},"name":"timestamp","nullable":true,"type":"timestamp"}],"type":"struct"}
2025-05-01 07:13:27,461 INFO Successfully sampled transformed_df
2025-05-01 07:13:30,844 INFO PostgreSQL connection test successful
2025-05-01 07:13:30,844 INFO Starting raw events query
2025-05-01 07:13:30,861 INFO Callback Server Starting
2025-05-01 07:13:30,861 INFO Socket listening on ('127.0.0.1', 36069)
2025-05-01 07:13:30,989 INFO Raw events query started with checkpoint /data/checkpoints/raw_events
2025-05-01 07:13:30,989 INFO Started streaming query: raw_events
2025-05-01 07:14:02,415 INFO Python Server ready to receive messages
2025-05-01 07:14:02,415 INFO Received command c on object id p0
2025-05-01 07:14:02,511 INFO Processing batch 176 for table raw_events with 0 rows
2025-05-01 07:14:02,538 INFO No data to upsert for table raw_events, batch 176
2025-05-01 07:14:07,116 INFO Received command c on object id p0
2025-05-01 07:14:07,302 INFO Processing batch 177 for table raw_events with 30 rows
2025-05-01 07:14:07,441 INFO Created temporary table temp_raw_events_177_6482155d_d9ac_45bc_ae23_c26afb32f52f
2025-05-01 07:14:07,765 INFO Wrote DataFrame to temporary table temp_raw_events_177_6482155d_d9ac_45bc_ae23_c26afb32f52f
2025-05-01 07:14:07,785 INFO Successfully executed upsert SQL for table raw_events, batch 177
2025-05-01 07:14:07,802 INFO Dropped temporary table temp_raw_events_177_6482155d_d9ac_45bc_ae23_c26afb32f52f
2025-05-01 07:14:07,803 INFO Successfully upserted to PostgreSQL table raw_events, batch 177
2025-05-01 07:14:15,928 INFO Received command c on object id p0
2025-05-01 07:14:16,116 INFO Processing batch 178 for table raw_events with 30 rows
2025-05-01 07:14:16,207 INFO Created temporary table temp_raw_events_178_289725b3_ca9d_439a_8108_ffef48effa92
2025-05-01 07:14:16,398 INFO Wrote DataFrame to temporary table temp_raw_events_178_289725b3_ca9d_439a_8108_ffef48effa92
2025-05-01 07:14:16,416 INFO Successfully executed upsert SQL for table raw_events, batch 178
2025-05-01 07:14:16,433 INFO Dropped temporary table temp_raw_events_178_289725b3_ca9d_439a_8108_ffef48effa92
2025-05-01 07:14:16,434 INFO Successfully upserted to PostgreSQL table raw_events, batch 178
2025-05-01 07:14:26,138 INFO Received command c on object id p0
2025-05-01 07:14:26,325 INFO Processing batch 179 for table raw_events with 15 rows
2025-05-01 07:14:26,431 INFO Created temporary table temp_raw_events_179_bd102121_ea9f_4c1c_afaf_b51b47ccc6e0
2025-05-01 07:14:26,624 INFO Wrote DataFrame to temporary table temp_raw_events_179_bd102121_ea9f_4c1c_afaf_b51b47ccc6e0
2025-05-01 07:14:26,642 INFO Successfully executed upsert SQL for table raw_events, batch 179
2025-05-01 07:14:26,659 INFO Dropped temporary table temp_raw_events_179_bd102121_ea9f_4c1c_afaf_b51b47ccc6e0
2025-05-01 07:14:26,659 INFO Successfully upserted to PostgreSQL table raw_events, batch 179
2025-05-01 07:14:35,522 INFO Received command c on object id p0
2025-05-01 07:14:35,640 INFO Processing batch 180 for table raw_events with 15 rows
2025-05-01 07:14:35,745 INFO Created temporary table temp_raw_events_180_e066ad1b_6935_47f3_b7d2_fa94249ea05f
2025-05-01 07:14:35,955 INFO Wrote DataFrame to temporary table temp_raw_events_180_e066ad1b_6935_47f3_b7d2_fa94249ea05f
2025-05-01 07:14:35,972 INFO Successfully executed upsert SQL for table raw_events, batch 180
2025-05-01 07:14:35,989 INFO Dropped temporary table temp_raw_events_180_e066ad1b_6935_47f3_b7d2_fa94249ea05f
2025-05-01 07:14:35,990 INFO Successfully upserted to PostgreSQL table raw_events, batch 180
2025-05-01 07:14:46,112 INFO Received command c on object id p0
2025-05-01 07:14:46,246 INFO Processing batch 181 for table raw_events with 15 rows
2025-05-01 07:14:46,334 INFO Created temporary table temp_raw_events_181_9fbd5a4b_07d2_40ae_85b4_573cd26e5e6d
2025-05-01 07:14:46,520 INFO Wrote DataFrame to temporary table temp_raw_events_181_9fbd5a4b_07d2_40ae_85b4_573cd26e5e6d
2025-05-01 07:14:46,539 INFO Successfully executed upsert SQL for table raw_events, batch 181
2025-05-01 07:14:46,556 INFO Dropped temporary table temp_raw_events_181_9fbd5a4b_07d2_40ae_85b4_573cd26e5e6d
2025-05-01 07:14:46,557 INFO Successfully upserted to PostgreSQL table raw_events, batch 181
2025-05-01 07:14:55,034 INFO Received command c on object id p0
2025-05-01 07:14:55,144 INFO Processing batch 182 for table raw_events with 15 rows
2025-05-01 07:14:55,237 INFO Created temporary table temp_raw_events_182_113d2f74_419d_44b8_9d64_f97c6dbb99ec
2025-05-01 07:14:55,433 INFO Wrote DataFrame to temporary table temp_raw_events_182_113d2f74_419d_44b8_9d64_f97c6dbb99ec
2025-05-01 07:14:55,452 INFO Successfully executed upsert SQL for table raw_events, batch 182
2025-05-01 07:14:55,468 INFO Dropped temporary table temp_raw_events_182_113d2f74_419d_44b8_9d64_f97c6dbb99ec
2025-05-01 07:14:55,469 INFO Successfully upserted to PostgreSQL table raw_events, batch 182
2025-05-01 07:15:05,767 INFO Received command c on object id p0
2025-05-01 07:15:05,882 INFO Processing batch 183 for table raw_events with 15 rows
2025-05-01 07:15:05,990 INFO Created temporary table temp_raw_events_183_be2b389e_8256_4cb0_b124_447c49f14a91
2025-05-01 07:15:06,172 INFO Wrote DataFrame to temporary table temp_raw_events_183_be2b389e_8256_4cb0_b124_447c49f14a91
2025-05-01 07:15:06,190 INFO Successfully executed upsert SQL for table raw_events, batch 183
2025-05-01 07:15:06,207 INFO Dropped temporary table temp_raw_events_183_be2b389e_8256_4cb0_b124_447c49f14a91
2025-05-01 07:15:06,208 INFO Successfully upserted to PostgreSQL table raw_events, batch 183
2025-05-01 07:15:15,833 INFO Received command c on object id p0
2025-05-01 07:15:15,953 INFO Processing batch 184 for table raw_events with 15 rows
2025-05-01 07:15:16,044 INFO Created temporary table temp_raw_events_184_a6e97746_4a48_4826_9278_e3a09b8fb00b
2025-05-01 07:15:16,228 INFO Wrote DataFrame to temporary table temp_raw_events_184_a6e97746_4a48_4826_9278_e3a09b8fb00b
2025-05-01 07:15:16,247 INFO Successfully executed upsert SQL for table raw_events, batch 184
2025-05-01 07:15:16,264 INFO Dropped temporary table temp_raw_events_184_a6e97746_4a48_4826_9278_e3a09b8fb00b
2025-05-01 07:15:16,265 INFO Successfully upserted to PostgreSQL table raw_events, batch 184
2025-05-01 07:15:25,973 INFO Received command c on object id p0
2025-05-01 07:15:26,093 INFO Processing batch 185 for table raw_events with 15 rows
2025-05-01 07:15:26,181 INFO Created temporary table temp_raw_events_185_44bc1cf4_6a8e_43a2_81cc_4f9b7b51067a
2025-05-01 07:15:26,413 INFO Wrote DataFrame to temporary table temp_raw_events_185_44bc1cf4_6a8e_43a2_81cc_4f9b7b51067a
2025-05-01 07:15:26,431 INFO Successfully executed upsert SQL for table raw_events, batch 185
2025-05-01 07:15:26,449 INFO Dropped temporary table temp_raw_events_185_44bc1cf4_6a8e_43a2_81cc_4f9b7b51067a
2025-05-01 07:15:26,450 INFO Successfully upserted to PostgreSQL table raw_events, batch 185
2025-05-01 07:15:36,885 INFO Received command c on object id p0
2025-05-01 07:15:37,024 INFO Processing batch 186 for table raw_events with 15 rows
2025-05-01 07:15:37,112 INFO Created temporary table temp_raw_events_186_5796637d_3c7f_4c4c_b7f4_d717d876cfef
2025-05-01 07:15:37,365 INFO Wrote DataFrame to temporary table temp_raw_events_186_5796637d_3c7f_4c4c_b7f4_d717d876cfef
2025-05-01 07:15:37,388 INFO Successfully executed upsert SQL for table raw_events, batch 186
2025-05-01 07:15:37,410 INFO Dropped temporary table temp_raw_events_186_5796637d_3c7f_4c4c_b7f4_d717d876cfef
2025-05-01 07:15:37,411 INFO Successfully upserted to PostgreSQL table raw_events, batch 186
2025-05-01 07:15:45,990 INFO Received command c on object id p0
2025-05-01 07:15:46,109 INFO Processing batch 187 for table raw_events with 15 rows
2025-05-01 07:15:46,207 INFO Created temporary table temp_raw_events_187_afb5891b_c9ac_4c93_ac53_4e5c2eb770d9
2025-05-01 07:15:46,389 INFO Wrote DataFrame to temporary table temp_raw_events_187_afb5891b_c9ac_4c93_ac53_4e5c2eb770d9
2025-05-01 07:15:46,406 INFO Successfully executed upsert SQL for table raw_events, batch 187
2025-05-01 07:15:46,424 INFO Dropped temporary table temp_raw_events_187_afb5891b_c9ac_4c93_ac53_4e5c2eb770d9
2025-05-01 07:15:46,425 INFO Successfully upserted to PostgreSQL table raw_events, batch 187
2025-05-01 07:15:55,894 INFO Received command c on object id p0
2025-05-01 07:15:56,006 INFO Processing batch 188 for table raw_events with 15 rows
2025-05-01 07:15:56,094 INFO Created temporary table temp_raw_events_188_a8fbcb51_460d_4a73_acf0_b58f1e09f0b3
2025-05-01 07:15:56,260 INFO Wrote DataFrame to temporary table temp_raw_events_188_a8fbcb51_460d_4a73_acf0_b58f1e09f0b3
2025-05-01 07:15:56,279 INFO Successfully executed upsert SQL for table raw_events, batch 188
2025-05-01 07:15:56,296 INFO Dropped temporary table temp_raw_events_188_a8fbcb51_460d_4a73_acf0_b58f1e09f0b3
2025-05-01 07:15:56,297 INFO Successfully upserted to PostgreSQL table raw_events, batch 188
2025-05-01 07:16:06,740 INFO Received command c on object id p0
2025-05-01 07:16:06,851 INFO Processing batch 189 for table raw_events with 15 rows
2025-05-01 07:16:06,935 INFO Created temporary table temp_raw_events_189_12c8b07c_e138_466e_a17b_b4adb40ff4dc
2025-05-01 07:16:07,114 INFO Wrote DataFrame to temporary table temp_raw_events_189_12c8b07c_e138_466e_a17b_b4adb40ff4dc
2025-05-01 07:16:07,131 INFO Successfully executed upsert SQL for table raw_events, batch 189
2025-05-01 07:16:07,148 INFO Dropped temporary table temp_raw_events_189_12c8b07c_e138_466e_a17b_b4adb40ff4dc
2025-05-01 07:16:07,149 INFO Successfully upserted to PostgreSQL table raw_events, batch 189
2025-05-01 07:16:15,641 INFO Received command c on object id p0
2025-05-01 07:16:15,745 INFO Processing batch 190 for table raw_events with 15 rows
2025-05-01 07:16:15,843 INFO Created temporary table temp_raw_events_190_fefb93be_1541_4361_b454_00ec2d29e583
2025-05-01 07:16:16,008 INFO Wrote DataFrame to temporary table temp_raw_events_190_fefb93be_1541_4361_b454_00ec2d29e583
2025-05-01 07:16:16,026 INFO Successfully executed upsert SQL for table raw_events, batch 190
2025-05-01 07:16:16,042 INFO Dropped temporary table temp_raw_events_190_fefb93be_1541_4361_b454_00ec2d29e583
2025-05-01 07:16:16,043 INFO Successfully upserted to PostgreSQL table raw_events, batch 190
2025-05-01 07:16:25,777 INFO Received command c on object id p0
2025-05-01 07:16:25,885 INFO Processing batch 191 for table raw_events with 15 rows
2025-05-01 07:16:25,975 INFO Created temporary table temp_raw_events_191_fd886528_dcb1_4416_a45b_5873146c0d40
2025-05-01 07:16:26,143 INFO Wrote DataFrame to temporary table temp_raw_events_191_fd886528_dcb1_4416_a45b_5873146c0d40
2025-05-01 07:16:26,161 INFO Successfully executed upsert SQL for table raw_events, batch 191
2025-05-01 07:16:26,178 INFO Dropped temporary table temp_raw_events_191_fd886528_dcb1_4416_a45b_5873146c0d40
2025-05-01 07:16:26,179 INFO Successfully upserted to PostgreSQL table raw_events, batch 191
2025-05-01 07:16:36,004 INFO Received command c on object id p0
2025-05-01 07:16:36,120 INFO Processing batch 192 for table raw_events with 15 rows
2025-05-01 07:16:36,202 INFO Created temporary table temp_raw_events_192_88a2eed9_1cbd_4e25_ab60_7ffba882243a
2025-05-01 07:16:36,373 INFO Wrote DataFrame to temporary table temp_raw_events_192_88a2eed9_1cbd_4e25_ab60_7ffba882243a
2025-05-01 07:16:36,392 INFO Successfully executed upsert SQL for table raw_events, batch 192
2025-05-01 07:16:36,409 INFO Dropped temporary table temp_raw_events_192_88a2eed9_1cbd_4e25_ab60_7ffba882243a
2025-05-01 07:16:36,410 INFO Successfully upserted to PostgreSQL table raw_events, batch 192
2025-05-01 07:16:45,915 INFO Received command c on object id p0
2025-05-01 07:16:46,011 INFO Processing batch 193 for table raw_events with 15 rows
2025-05-01 07:16:46,102 INFO Created temporary table temp_raw_events_193_4e834349_2489_4410_9802_678689433a19
2025-05-01 07:16:46,266 INFO Wrote DataFrame to temporary table temp_raw_events_193_4e834349_2489_4410_9802_678689433a19
2025-05-01 07:16:46,284 INFO Successfully executed upsert SQL for table raw_events, batch 193
2025-05-01 07:16:46,301 INFO Dropped temporary table temp_raw_events_193_4e834349_2489_4410_9802_678689433a19
2025-05-01 07:16:46,302 INFO Successfully upserted to PostgreSQL table raw_events, batch 193
2025-05-01 07:16:55,842 INFO Received command c on object id p0
2025-05-01 07:16:55,962 INFO Processing batch 194 for table raw_events with 15 rows
2025-05-01 07:16:56,055 INFO Created temporary table temp_raw_events_194_701189de_c5f4_4a4e_95af_78187379af34
2025-05-01 07:16:56,241 INFO Wrote DataFrame to temporary table temp_raw_events_194_701189de_c5f4_4a4e_95af_78187379af34
2025-05-01 07:16:56,263 INFO Successfully executed upsert SQL for table raw_events, batch 194
2025-05-01 07:16:56,280 INFO Dropped temporary table temp_raw_events_194_701189de_c5f4_4a4e_95af_78187379af34
2025-05-01 07:16:56,281 INFO Successfully upserted to PostgreSQL table raw_events, batch 194
2025-05-01 07:17:05,917 INFO Received command c on object id p0
2025-05-01 07:17:06,038 INFO Processing batch 195 for table raw_events with 15 rows
2025-05-01 07:17:06,133 INFO Created temporary table temp_raw_events_195_a7c6af4e_fff9_4d61_939d_ff0ea0684a31
2025-05-01 07:17:06,322 INFO Wrote DataFrame to temporary table temp_raw_events_195_a7c6af4e_fff9_4d61_939d_ff0ea0684a31
2025-05-01 07:17:06,340 INFO Successfully executed upsert SQL for table raw_events, batch 195
2025-05-01 07:17:06,357 INFO Dropped temporary table temp_raw_events_195_a7c6af4e_fff9_4d61_939d_ff0ea0684a31
2025-05-01 07:17:06,358 INFO Successfully upserted to PostgreSQL table raw_events, batch 195
2025-05-01 07:17:16,040 INFO Received command c on object id p0
2025-05-01 07:17:16,153 INFO Processing batch 196 for table raw_events with 15 rows
2025-05-01 07:17:16,256 INFO Created temporary table temp_raw_events_196_8df97599_6812_4fd4_af5d_0872cc09c55e
2025-05-01 07:17:16,434 INFO Wrote DataFrame to temporary table temp_raw_events_196_8df97599_6812_4fd4_af5d_0872cc09c55e
2025-05-01 07:17:16,451 INFO Successfully executed upsert SQL for table raw_events, batch 196
2025-05-01 07:17:16,468 INFO Dropped temporary table temp_raw_events_196_8df97599_6812_4fd4_af5d_0872cc09c55e
2025-05-01 07:17:16,469 INFO Successfully upserted to PostgreSQL table raw_events, batch 196
2025-05-01 07:17:26,831 INFO Received command c on object id p0
2025-05-01 07:17:26,969 INFO Processing batch 197 for table raw_events with 15 rows
2025-05-01 07:17:27,100 INFO Created temporary table temp_raw_events_197_d5d4c9aa_41fa_49a1_9bf8_c45f131f7e13
2025-05-01 07:17:27,296 INFO Wrote DataFrame to temporary table temp_raw_events_197_d5d4c9aa_41fa_49a1_9bf8_c45f131f7e13
2025-05-01 07:17:27,314 INFO Successfully executed upsert SQL for table raw_events, batch 197
2025-05-01 07:17:27,330 INFO Dropped temporary table temp_raw_events_197_d5d4c9aa_41fa_49a1_9bf8_c45f131f7e13
2025-05-01 07:17:27,331 INFO Successfully upserted to PostgreSQL table raw_events, batch 197
2025-05-01 07:17:35,415 INFO Received command c on object id p0
2025-05-01 07:17:35,533 INFO Processing batch 198 for table raw_events with 15 rows
2025-05-01 07:17:35,638 INFO Created temporary table temp_raw_events_198_b539a0bd_f449_46d5_b0b4_c9dedbe49946
2025-05-01 07:17:35,812 INFO Wrote DataFrame to temporary table temp_raw_events_198_b539a0bd_f449_46d5_b0b4_c9dedbe49946
2025-05-01 07:17:35,830 INFO Successfully executed upsert SQL for table raw_events, batch 198
2025-05-01 07:17:35,849 INFO Dropped temporary table temp_raw_events_198_b539a0bd_f449_46d5_b0b4_c9dedbe49946
2025-05-01 07:17:35,849 INFO Successfully upserted to PostgreSQL table raw_events, batch 198
2025-05-01 07:17:48,073 INFO Received command c on object id p0
2025-05-01 07:17:48,189 INFO Processing batch 199 for table raw_events with 15 rows
2025-05-01 07:17:48,281 INFO Created temporary table temp_raw_events_199_d2fa6961_e33f_4537_b70c_2ffe74415512
2025-05-01 07:17:48,464 INFO Wrote DataFrame to temporary table temp_raw_events_199_d2fa6961_e33f_4537_b70c_2ffe74415512
2025-05-01 07:17:48,482 INFO Successfully executed upsert SQL for table raw_events, batch 199
2025-05-01 07:17:48,500 INFO Dropped temporary table temp_raw_events_199_d2fa6961_e33f_4537_b70c_2ffe74415512
2025-05-01 07:17:48,501 INFO Successfully upserted to PostgreSQL table raw_events, batch 199
2025-05-01 07:17:54,971 INFO Received command c on object id p0
2025-05-01 07:17:55,092 INFO Processing batch 200 for table raw_events with 15 rows
2025-05-01 07:17:55,187 INFO Created temporary table temp_raw_events_200_418391cb_a00c_42ae_b19a_9c8d18c5da68
2025-05-01 07:17:55,392 INFO Wrote DataFrame to temporary table temp_raw_events_200_418391cb_a00c_42ae_b19a_9c8d18c5da68
2025-05-01 07:17:55,411 INFO Successfully executed upsert SQL for table raw_events, batch 200
2025-05-01 07:17:55,428 INFO Dropped temporary table temp_raw_events_200_418391cb_a00c_42ae_b19a_9c8d18c5da68
2025-05-01 07:17:55,429 INFO Successfully upserted to PostgreSQL table raw_events, batch 200
2025-05-01 07:18:06,200 INFO Received command c on object id p0
2025-05-01 07:18:06,316 INFO Processing batch 201 for table raw_events with 15 rows
2025-05-01 07:18:06,415 INFO Created temporary table temp_raw_events_201_f1f386bf_47d6_4a0c_8c34_6415e09dbade
2025-05-01 07:18:06,591 INFO Wrote DataFrame to temporary table temp_raw_events_201_f1f386bf_47d6_4a0c_8c34_6415e09dbade
2025-05-01 07:18:06,609 INFO Successfully executed upsert SQL for table raw_events, batch 201
2025-05-01 07:18:06,626 INFO Dropped temporary table temp_raw_events_201_f1f386bf_47d6_4a0c_8c34_6415e09dbade
2025-05-01 07:18:06,627 INFO Successfully upserted to PostgreSQL table raw_events, batch 201
2025-05-01 07:18:16,317 INFO Received command c on object id p0
2025-05-01 07:18:16,421 INFO Processing batch 202 for table raw_events with 15 rows
2025-05-01 07:18:16,514 INFO Created temporary table temp_raw_events_202_7be34179_60d6_4906_ba2c_97c233bb4d8e
2025-05-01 07:18:16,693 INFO Wrote DataFrame to temporary table temp_raw_events_202_7be34179_60d6_4906_ba2c_97c233bb4d8e
2025-05-01 07:18:16,711 INFO Successfully executed upsert SQL for table raw_events, batch 202
2025-05-01 07:18:16,728 INFO Dropped temporary table temp_raw_events_202_7be34179_60d6_4906_ba2c_97c233bb4d8e
2025-05-01 07:18:16,729 INFO Successfully upserted to PostgreSQL table raw_events, batch 202
2025-05-01 07:18:25,789 INFO Received command c on object id p0
2025-05-01 07:18:25,900 INFO Processing batch 203 for table raw_events with 15 rows
2025-05-01 07:18:25,994 INFO Created temporary table temp_raw_events_203_abe8611e_c942_4bb1_8545_b5712a01ebf5
2025-05-01 07:18:26,167 INFO Wrote DataFrame to temporary table temp_raw_events_203_abe8611e_c942_4bb1_8545_b5712a01ebf5
2025-05-01 07:18:26,184 INFO Successfully executed upsert SQL for table raw_events, batch 203
2025-05-01 07:18:26,201 INFO Dropped temporary table temp_raw_events_203_abe8611e_c942_4bb1_8545_b5712a01ebf5
2025-05-01 07:18:26,202 INFO Successfully upserted to PostgreSQL table raw_events, batch 203
2025-05-01 07:18:36,356 INFO Received command c on object id p0
2025-05-01 07:18:36,453 INFO Processing batch 204 for table raw_events with 15 rows
2025-05-01 07:18:36,539 INFO Created temporary table temp_raw_events_204_01300d58_b2a2_4dd1_be1a_60164b77d8ff
2025-05-01 07:18:36,709 INFO Wrote DataFrame to temporary table temp_raw_events_204_01300d58_b2a2_4dd1_be1a_60164b77d8ff
2025-05-01 07:18:36,727 INFO Successfully executed upsert SQL for table raw_events, batch 204
2025-05-01 07:18:36,744 INFO Dropped temporary table temp_raw_events_204_01300d58_b2a2_4dd1_be1a_60164b77d8ff
2025-05-01 07:18:36,745 INFO Successfully upserted to PostgreSQL table raw_events, batch 204
2025-05-01 07:18:45,907 INFO Received command c on object id p0
2025-05-01 07:18:46,010 INFO Processing batch 205 for table raw_events with 15 rows
2025-05-01 07:18:46,121 INFO Created temporary table temp_raw_events_205_c1366510_0856_4760_a91c_2cf12f3a4959
2025-05-01 07:18:46,292 INFO Wrote DataFrame to temporary table temp_raw_events_205_c1366510_0856_4760_a91c_2cf12f3a4959
2025-05-01 07:18:46,309 INFO Successfully executed upsert SQL for table raw_events, batch 205
2025-05-01 07:18:46,326 INFO Dropped temporary table temp_raw_events_205_c1366510_0856_4760_a91c_2cf12f3a4959
2025-05-01 07:18:46,327 INFO Successfully upserted to PostgreSQL table raw_events, batch 205
2025-05-01 07:18:55,364 INFO Received command c on object id p0
2025-05-01 07:18:55,466 INFO Processing batch 206 for table raw_events with 15 rows
2025-05-01 07:18:55,556 INFO Created temporary table temp_raw_events_206_f53ef6c4_f70d_42a2_a1ea_3830d0453139
2025-05-01 07:18:55,720 INFO Wrote DataFrame to temporary table temp_raw_events_206_f53ef6c4_f70d_42a2_a1ea_3830d0453139
2025-05-01 07:18:55,738 INFO Successfully executed upsert SQL for table raw_events, batch 206
2025-05-01 07:18:55,755 INFO Dropped temporary table temp_raw_events_206_f53ef6c4_f70d_42a2_a1ea_3830d0453139
2025-05-01 07:18:55,756 INFO Successfully upserted to PostgreSQL table raw_events, batch 206
2025-05-01 07:19:05,676 INFO Received command c on object id p0
2025-05-01 07:19:05,777 INFO Processing batch 207 for table raw_events with 15 rows
2025-05-01 07:19:05,868 INFO Created temporary table temp_raw_events_207_75500f3e_c1f3_42b4_9bd4_7071f6a18849
2025-05-01 07:19:06,036 INFO Wrote DataFrame to temporary table temp_raw_events_207_75500f3e_c1f3_42b4_9bd4_7071f6a18849
2025-05-01 07:19:06,055 INFO Successfully executed upsert SQL for table raw_events, batch 207
2025-05-01 07:19:06,071 INFO Dropped temporary table temp_raw_events_207_75500f3e_c1f3_42b4_9bd4_7071f6a18849
2025-05-01 07:19:06,072 INFO Successfully upserted to PostgreSQL table raw_events, batch 207
2025-05-01 07:19:16,112 INFO Received command c on object id p0
2025-05-01 07:19:16,223 INFO Processing batch 208 for table raw_events with 15 rows
2025-05-01 07:19:16,317 INFO Created temporary table temp_raw_events_208_27415e37_265e_4dd9_95bf_80bc59034cd9
2025-05-01 07:19:16,477 INFO Wrote DataFrame to temporary table temp_raw_events_208_27415e37_265e_4dd9_95bf_80bc59034cd9
2025-05-01 07:19:16,494 INFO Successfully executed upsert SQL for table raw_events, batch 208
2025-05-01 07:19:16,510 INFO Dropped temporary table temp_raw_events_208_27415e37_265e_4dd9_95bf_80bc59034cd9
2025-05-01 07:19:16,510 INFO Successfully upserted to PostgreSQL table raw_events, batch 208
2025-05-01 07:19:27,183 INFO Received command c on object id p0
2025-05-01 07:19:27,276 INFO Processing batch 209 for table raw_events with 15 rows
2025-05-01 07:19:27,361 INFO Created temporary table temp_raw_events_209_19ac3c1c_cc7c_4915_ad33_cfd8cc6b2053
2025-05-01 07:19:27,520 INFO Wrote DataFrame to temporary table temp_raw_events_209_19ac3c1c_cc7c_4915_ad33_cfd8cc6b2053
2025-05-01 07:19:27,537 INFO Successfully executed upsert SQL for table raw_events, batch 209
2025-05-01 07:19:27,554 INFO Dropped temporary table temp_raw_events_209_19ac3c1c_cc7c_4915_ad33_cfd8cc6b2053
2025-05-01 07:19:27,555 INFO Successfully upserted to PostgreSQL table raw_events, batch 209
2025-05-01 07:19:34,837 INFO Received command c on object id p0
2025-05-01 07:19:34,929 INFO Processing batch 210 for table raw_events with 15 rows
2025-05-01 07:19:35,019 INFO Created temporary table temp_raw_events_210_714a82a6_ab14_4ad5_84ed_9091e5e1bd27
2025-05-01 07:19:35,190 INFO Wrote DataFrame to temporary table temp_raw_events_210_714a82a6_ab14_4ad5_84ed_9091e5e1bd27
2025-05-01 07:19:35,208 INFO Successfully executed upsert SQL for table raw_events, batch 210
2025-05-01 07:19:35,225 INFO Dropped temporary table temp_raw_events_210_714a82a6_ab14_4ad5_84ed_9091e5e1bd27
2025-05-01 07:19:35,226 INFO Successfully upserted to PostgreSQL table raw_events, batch 210
2025-05-01 07:19:45,814 INFO Received command c on object id p0
2025-05-01 07:19:45,931 INFO Processing batch 211 for table raw_events with 15 rows
2025-05-01 07:19:46,027 INFO Created temporary table temp_raw_events_211_8d023bfb_bec3_4be3_9ab3_5fc54b053a23
2025-05-01 07:19:46,186 INFO Wrote DataFrame to temporary table temp_raw_events_211_8d023bfb_bec3_4be3_9ab3_5fc54b053a23
2025-05-01 07:19:46,203 INFO Successfully executed upsert SQL for table raw_events, batch 211
2025-05-01 07:19:46,219 INFO Dropped temporary table temp_raw_events_211_8d023bfb_bec3_4be3_9ab3_5fc54b053a23
2025-05-01 07:19:46,220 INFO Successfully upserted to PostgreSQL table raw_events, batch 211
2025-05-01 07:19:56,499 INFO Received command c on object id p0
2025-05-01 07:19:56,611 INFO Processing batch 212 for table raw_events with 15 rows
2025-05-01 07:19:56,696 INFO Created temporary table temp_raw_events_212_df820104_bd51_4679_9e4c_50f07bfdb5e6
2025-05-01 07:19:56,855 INFO Wrote DataFrame to temporary table temp_raw_events_212_df820104_bd51_4679_9e4c_50f07bfdb5e6
2025-05-01 07:19:56,873 INFO Successfully executed upsert SQL for table raw_events, batch 212
2025-05-01 07:19:56,892 INFO Dropped temporary table temp_raw_events_212_df820104_bd51_4679_9e4c_50f07bfdb5e6
2025-05-01 07:19:56,892 INFO Successfully upserted to PostgreSQL table raw_events, batch 212
2025-05-01 07:20:05,757 INFO Received command c on object id p0
2025-05-01 07:20:05,858 INFO Processing batch 213 for table raw_events with 15 rows
2025-05-01 07:20:05,940 INFO Created temporary table temp_raw_events_213_04475c9c_4dad_4463_8620_846971eed181
2025-05-01 07:20:06,111 INFO Wrote DataFrame to temporary table temp_raw_events_213_04475c9c_4dad_4463_8620_846971eed181
2025-05-01 07:20:06,129 INFO Successfully executed upsert SQL for table raw_events, batch 213
2025-05-01 07:20:06,146 INFO Dropped temporary table temp_raw_events_213_04475c9c_4dad_4463_8620_846971eed181
2025-05-01 07:20:06,147 INFO Successfully upserted to PostgreSQL table raw_events, batch 213
2025-05-01 07:20:16,226 INFO Received command c on object id p0
2025-05-01 07:20:16,335 INFO Processing batch 214 for table raw_events with 15 rows
2025-05-01 07:20:16,440 INFO Created temporary table temp_raw_events_214_c3cd6c46_ae74_432b_ac41_49bf1ed87728
2025-05-01 07:20:16,627 INFO Wrote DataFrame to temporary table temp_raw_events_214_c3cd6c46_ae74_432b_ac41_49bf1ed87728
2025-05-01 07:20:16,647 INFO Successfully executed upsert SQL for table raw_events, batch 214
2025-05-01 07:20:16,665 INFO Dropped temporary table temp_raw_events_214_c3cd6c46_ae74_432b_ac41_49bf1ed87728
2025-05-01 07:20:16,666 INFO Successfully upserted to PostgreSQL table raw_events, batch 214
2025-05-01 07:20:25,400 INFO Received command c on object id p0
2025-05-01 07:20:25,497 INFO Processing batch 215 for table raw_events with 15 rows
2025-05-01 07:20:25,576 INFO Created temporary table temp_raw_events_215_1d4f04eb_cdf6_4b42_9a32_7b4857689b82
2025-05-01 07:20:25,729 INFO Wrote DataFrame to temporary table temp_raw_events_215_1d4f04eb_cdf6_4b42_9a32_7b4857689b82
2025-05-01 07:20:25,746 INFO Successfully executed upsert SQL for table raw_events, batch 215
2025-05-01 07:20:25,761 INFO Dropped temporary table temp_raw_events_215_1d4f04eb_cdf6_4b42_9a32_7b4857689b82
2025-05-01 07:20:25,762 INFO Successfully upserted to PostgreSQL table raw_events, batch 215
2025-05-01 07:20:36,842 INFO Received command c on object id p0
2025-05-01 07:20:37,055 INFO Processing batch 216 for table raw_events with 15 rows
2025-05-01 07:20:37,195 INFO Created temporary table temp_raw_events_216_677738ec_f1b9_42c1_983a_3b859a32bf70
2025-05-01 07:20:37,426 INFO Wrote DataFrame to temporary table temp_raw_events_216_677738ec_f1b9_42c1_983a_3b859a32bf70
2025-05-01 07:20:37,446 INFO Successfully executed upsert SQL for table raw_events, batch 216
2025-05-01 07:20:37,467 INFO Dropped temporary table temp_raw_events_216_677738ec_f1b9_42c1_983a_3b859a32bf70
2025-05-01 07:20:37,468 INFO Successfully upserted to PostgreSQL table raw_events, batch 216
2025-05-01 07:20:46,018 INFO Received command c on object id p0
2025-05-01 07:20:46,113 INFO Processing batch 217 for table raw_events with 15 rows
2025-05-01 07:20:46,206 INFO Created temporary table temp_raw_events_217_e25d8cbe_ff77_45eb_8460_80750156ddde
2025-05-01 07:20:46,384 INFO Wrote DataFrame to temporary table temp_raw_events_217_e25d8cbe_ff77_45eb_8460_80750156ddde
2025-05-01 07:20:46,402 INFO Successfully executed upsert SQL for table raw_events, batch 217
2025-05-01 07:20:46,419 INFO Dropped temporary table temp_raw_events_217_e25d8cbe_ff77_45eb_8460_80750156ddde
2025-05-01 07:20:46,420 INFO Successfully upserted to PostgreSQL table raw_events, batch 217
2025-05-01 07:20:56,598 INFO Received command c on object id p0
2025-05-01 07:20:56,697 INFO Processing batch 218 for table raw_events with 15 rows
2025-05-01 07:20:56,785 INFO Created temporary table temp_raw_events_218_cb36360c_9898_465e_8e5e_c090bd166424
2025-05-01 07:20:56,970 INFO Wrote DataFrame to temporary table temp_raw_events_218_cb36360c_9898_465e_8e5e_c090bd166424
2025-05-01 07:20:56,992 INFO Successfully executed upsert SQL for table raw_events, batch 218
2025-05-01 07:20:57,022 INFO Dropped temporary table temp_raw_events_218_cb36360c_9898_465e_8e5e_c090bd166424
2025-05-01 07:20:57,023 INFO Successfully upserted to PostgreSQL table raw_events, batch 218
2025-05-01 07:21:06,960 INFO Received command c on object id p0
2025-05-01 07:21:07,073 INFO Processing batch 219 for table raw_events with 15 rows
2025-05-01 07:21:07,164 INFO Created temporary table temp_raw_events_219_5481f1ba_27eb_4fba_bdca_abe190d7bab5
2025-05-01 07:21:07,330 INFO Wrote DataFrame to temporary table temp_raw_events_219_5481f1ba_27eb_4fba_bdca_abe190d7bab5
2025-05-01 07:21:07,348 INFO Successfully executed upsert SQL for table raw_events, batch 219
2025-05-01 07:21:07,365 INFO Dropped temporary table temp_raw_events_219_5481f1ba_27eb_4fba_bdca_abe190d7bab5
2025-05-01 07:21:07,366 INFO Successfully upserted to PostgreSQL table raw_events, batch 219
